[2025-04-15 11:55:23Z INFO HostContext] No proxy settings were found based on environmental variables (http_proxy/https_proxy/HTTP_PROXY/HTTPS_PROXY)
[2025-04-15 11:55:23Z INFO HostContext] Well known directory 'Bin': '/Users/gimchanjin/Desktop/seoul_darak/seoul_darak/actions-runner/bin'
[2025-04-15 11:55:23Z INFO HostContext] Well known directory 'Root': '/Users/gimchanjin/Desktop/seoul_darak/seoul_darak/actions-runner'
[2025-04-15 11:55:23Z INFO HostContext] Well known config file 'Credentials': '/Users/gimchanjin/Desktop/seoul_darak/seoul_darak/actions-runner/.credentials'
[2025-04-15 11:55:23Z INFO HostContext] Well known directory 'Bin': '/Users/gimchanjin/Desktop/seoul_darak/seoul_darak/actions-runner/bin'
[2025-04-15 11:55:23Z INFO HostContext] Well known directory 'Root': '/Users/gimchanjin/Desktop/seoul_darak/seoul_darak/actions-runner'
[2025-04-15 11:55:23Z INFO HostContext] Well known config file 'Runner': '/Users/gimchanjin/Desktop/seoul_darak/seoul_darak/actions-runner/.runner'
[2025-04-15 11:55:23Z INFO Listener] Runner is built for OSX (X64) - osx-x64.
[2025-04-15 11:55:23Z INFO Listener] RuntimeInformation: Darwin 24.3.0 Darwin Kernel Version 24.3.0: Thu Jan  2 20:24:23 PST 2025; root:xnu-11215.81.4~3/RELEASE_ARM64_T8122.
[2025-04-15 11:55:23Z INFO Listener] Version: 2.323.0
[2025-04-15 11:55:23Z INFO Listener] Commit: d8b82f44a9ec0258904d5869ae683c31d5aac299
[2025-04-15 11:55:23Z INFO Listener] Culture: en-US
[2025-04-15 11:55:23Z INFO Listener] UI Culture: en-US
[2025-04-15 11:55:23Z INFO HostContext] Well known directory 'Bin': '/Users/gimchanjin/Desktop/seoul_darak/seoul_darak/actions-runner/bin'
[2025-04-15 11:55:23Z INFO HostContext] Well known directory 'Root': '/Users/gimchanjin/Desktop/seoul_darak/seoul_darak/actions-runner'
[2025-04-15 11:55:23Z INFO Listener] Validating directory permissions for: '/Users/gimchanjin/Desktop/seoul_darak/seoul_darak/actions-runner'
[2025-04-15 11:55:23Z INFO CommandLineParser] Parse
[2025-04-15 11:55:23Z INFO CommandLineParser] Parsing 1 args
[2025-04-15 11:55:23Z INFO CommandLineParser] parsing argument
[2025-04-15 11:55:23Z INFO CommandLineParser] HasArgs: False
[2025-04-15 11:55:23Z INFO CommandLineParser] Adding Command: run
[2025-04-15 11:55:23Z INFO Listener] Arguments parsed
[2025-04-15 11:55:23Z INFO Runner] ExecuteCommand
[2025-04-15 11:55:23Z INFO ConfigurationStore] currentAssemblyLocation: /Users/gimchanjin/Desktop/seoul_darak/seoul_darak/actions-runner/bin/Runner.Listener.dll
[2025-04-15 11:55:23Z INFO HostContext] Well known directory 'Bin': '/Users/gimchanjin/Desktop/seoul_darak/seoul_darak/actions-runner/bin'
[2025-04-15 11:55:23Z INFO ConfigurationStore] binPath: /Users/gimchanjin/Desktop/seoul_darak/seoul_darak/actions-runner/bin
[2025-04-15 11:55:23Z INFO HostContext] Well known directory 'Bin': '/Users/gimchanjin/Desktop/seoul_darak/seoul_darak/actions-runner/bin'
[2025-04-15 11:55:23Z INFO HostContext] Well known directory 'Root': '/Users/gimchanjin/Desktop/seoul_darak/seoul_darak/actions-runner'
[2025-04-15 11:55:23Z INFO ConfigurationStore] RootFolder: /Users/gimchanjin/Desktop/seoul_darak/seoul_darak/actions-runner
[2025-04-15 11:55:23Z INFO HostContext] Well known directory 'Bin': '/Users/gimchanjin/Desktop/seoul_darak/seoul_darak/actions-runner/bin'
[2025-04-15 11:55:23Z INFO HostContext] Well known directory 'Root': '/Users/gimchanjin/Desktop/seoul_darak/seoul_darak/actions-runner'
[2025-04-15 11:55:23Z INFO HostContext] Well known config file 'Runner': '/Users/gimchanjin/Desktop/seoul_darak/seoul_darak/actions-runner/.runner'
[2025-04-15 11:55:23Z INFO ConfigurationStore] ConfigFilePath: /Users/gimchanjin/Desktop/seoul_darak/seoul_darak/actions-runner/.runner
[2025-04-15 11:55:23Z INFO HostContext] Well known directory 'Bin': '/Users/gimchanjin/Desktop/seoul_darak/seoul_darak/actions-runner/bin'
[2025-04-15 11:55:23Z INFO HostContext] Well known directory 'Root': '/Users/gimchanjin/Desktop/seoul_darak/seoul_darak/actions-runner'
[2025-04-15 11:55:23Z INFO HostContext] Well known config file 'MigratedRunner': '/Users/gimchanjin/Desktop/seoul_darak/seoul_darak/actions-runner/.runner_migrated'
[2025-04-15 11:55:23Z INFO ConfigurationStore] MigratedConfigFilePath: /Users/gimchanjin/Desktop/seoul_darak/seoul_darak/actions-runner/.runner_migrated
[2025-04-15 11:55:23Z INFO HostContext] Well known directory 'Bin': '/Users/gimchanjin/Desktop/seoul_darak/seoul_darak/actions-runner/bin'
[2025-04-15 11:55:23Z INFO HostContext] Well known directory 'Root': '/Users/gimchanjin/Desktop/seoul_darak/seoul_darak/actions-runner'
[2025-04-15 11:55:23Z INFO HostContext] Well known config file 'Credentials': '/Users/gimchanjin/Desktop/seoul_darak/seoul_darak/actions-runner/.credentials'
[2025-04-15 11:55:23Z INFO ConfigurationStore] CredFilePath: /Users/gimchanjin/Desktop/seoul_darak/seoul_darak/actions-runner/.credentials
[2025-04-15 11:55:23Z INFO HostContext] Well known directory 'Bin': '/Users/gimchanjin/Desktop/seoul_darak/seoul_darak/actions-runner/bin'
[2025-04-15 11:55:23Z INFO HostContext] Well known directory 'Root': '/Users/gimchanjin/Desktop/seoul_darak/seoul_darak/actions-runner'
[2025-04-15 11:55:23Z INFO HostContext] Well known config file 'MigratedCredentials': '/Users/gimchanjin/Desktop/seoul_darak/seoul_darak/actions-runner/.credentials_migrated'
[2025-04-15 11:55:23Z INFO ConfigurationStore] MigratedCredFilePath: /Users/gimchanjin/Desktop/seoul_darak/seoul_darak/actions-runner/.credentials_migrated
[2025-04-15 11:55:23Z INFO HostContext] Well known directory 'Bin': '/Users/gimchanjin/Desktop/seoul_darak/seoul_darak/actions-runner/bin'
[2025-04-15 11:55:23Z INFO HostContext] Well known directory 'Root': '/Users/gimchanjin/Desktop/seoul_darak/seoul_darak/actions-runner'
[2025-04-15 11:55:23Z INFO HostContext] Well known config file 'Service': '/Users/gimchanjin/Desktop/seoul_darak/seoul_darak/actions-runner/.service'
[2025-04-15 11:55:23Z INFO ConfigurationStore] ServiceConfigFilePath: /Users/gimchanjin/Desktop/seoul_darak/seoul_darak/actions-runner/.service
[2025-04-15 11:55:23Z INFO CommandSettings] Flag 'help': 'False'
[2025-04-15 11:55:23Z INFO CommandSettings] Flag 'version': 'False'
[2025-04-15 11:55:23Z INFO CommandSettings] Flag 'commit': 'False'
[2025-04-15 11:55:23Z INFO CommandSettings] Flag 'check': 'False'
[2025-04-15 11:55:23Z INFO CommandSettings] Command 'configure': 'False'
[2025-04-15 11:55:23Z INFO CommandSettings] Command 'remove': 'False'
[2025-04-15 11:55:23Z INFO CommandSettings] Command 'warmup': 'False'
[2025-04-15 11:55:23Z INFO ConfigurationManager] LoadSettings
[2025-04-15 11:55:23Z INFO ConfigurationStore] IsConfigured()
[2025-04-15 11:55:23Z INFO ConfigurationStore] IsConfigured: True
[2025-04-15 11:55:23Z INFO ConfigurationManager] Is configured: True
[2025-04-15 11:55:23Z INFO ConfigurationStore] Read setting file: 313 chars
[2025-04-15 11:55:23Z INFO ConfigurationManager] Settings Loaded
[2025-04-15 11:55:23Z INFO ConfigurationStore] IsServiceConfigured()
[2025-04-15 11:55:23Z INFO ConfigurationStore] IsServiceConfigured: False
[2025-04-15 11:55:23Z INFO CommandSettings] Command 'run': 'True'
[2025-04-15 11:55:23Z INFO ConfigurationStore] IsConfigured()
[2025-04-15 11:55:23Z INFO ConfigurationStore] IsConfigured: True
[2025-04-15 11:55:23Z INFO ConfigurationManager] Is configured: True
[2025-04-15 11:55:23Z INFO Runner] Could not parse the argument value '' for StartupType. Defaulting to Manual
[2025-04-15 11:55:23Z INFO Runner] Set runner startup type - Manual
[2025-04-15 11:55:23Z INFO CommandSettings] Flag 'once': 'False'
[2025-04-15 11:55:23Z INFO CommandSettings] Flag 'once': 'False'
[2025-04-15 11:55:23Z INFO Runner] RunAsync
[2025-04-15 11:55:23Z INFO ConfigurationManager] LoadSettings
[2025-04-15 11:55:23Z INFO ConfigurationStore] IsConfigured()
[2025-04-15 11:55:23Z INFO ConfigurationStore] IsConfigured: True
[2025-04-15 11:55:23Z INFO ConfigurationManager] Is configured: True
[2025-04-15 11:55:23Z INFO ConfigurationManager] Settings Loaded
[2025-04-15 11:55:23Z INFO MessageListener] {
  "AgentId": 21,
  "AgentName": "gimchanjin-ui-MacBookAir",
  "PoolId": 1,
  "PoolName": "Default",
  "ServerUrl": "https://pipelinesghubeus13.actions.githubusercontent.com/4010JCL6HN0eKEiTrumdpd2qh9q0UYK7W12QpbOq5K5Af5VvBM/",
  "GitHubUrl": "https://github.com/kimcj7957/seoul_darak",
  "WorkFolder": "_work"
}
[2025-04-15 11:55:23Z INFO MessageListener] Loading Credentials
[2025-04-15 11:55:23Z INFO ConfigurationStore] HasCredentials()
[2025-04-15 11:55:23Z INFO ConfigurationStore] stored True
[2025-04-15 11:55:23Z INFO CredentialManager] GetCredentialProvider
[2025-04-15 11:55:23Z INFO CredentialManager] Creating type OAuth
[2025-04-15 11:55:23Z INFO CredentialManager] Creating credential type: OAuth
[2025-04-15 11:55:23Z INFO HostContext] Well known directory 'Bin': '/Users/gimchanjin/Desktop/seoul_darak/seoul_darak/actions-runner/bin'
[2025-04-15 11:55:23Z INFO HostContext] Well known directory 'Root': '/Users/gimchanjin/Desktop/seoul_darak/seoul_darak/actions-runner'
[2025-04-15 11:55:23Z INFO HostContext] Well known config file 'RSACredentials': '/Users/gimchanjin/Desktop/seoul_darak/seoul_darak/actions-runner/.credentials_rsaparams'
[2025-04-15 11:55:23Z INFO RSAFileKeyManager] Loading RSA key parameters from file /Users/gimchanjin/Desktop/seoul_darak/seoul_darak/actions-runner/.credentials_rsaparams
[2025-04-15 11:55:23Z INFO MessageListener] Attempt to create session.
[2025-04-15 11:55:23Z INFO MessageListener] Connecting to the Runner Server...
[2025-04-15 11:55:23Z INFO RunnerServer] EstablishVssConnection
[2025-04-15 11:55:23Z INFO RunnerServer] Establish connection with 100 seconds timeout.
[2025-04-15 11:55:24Z INFO GitHubActionsService] Starting operation Location.GetConnectionData
[2025-04-15 11:55:24Z INFO RunnerServer] EstablishVssConnection
[2025-04-15 11:55:24Z INFO RunnerServer] Establish connection with 60 seconds timeout.
[2025-04-15 11:55:24Z INFO GitHubActionsService] Starting operation Location.GetConnectionData
[2025-04-15 11:55:24Z INFO RunnerServer] EstablishVssConnection
[2025-04-15 11:55:24Z INFO RunnerServer] Establish connection with 60 seconds timeout.
[2025-04-15 11:55:24Z INFO GitHubActionsService] Starting operation Location.GetConnectionData
[2025-04-15 11:55:25Z INFO GitHubActionsService] Finished operation Location.GetConnectionData
[2025-04-15 11:55:25Z INFO GitHubActionsService] Finished operation Location.GetConnectionData
[2025-04-15 11:55:25Z INFO GitHubActionsService] Finished operation Location.GetConnectionData
[2025-04-15 11:55:25Z INFO MessageListener] VssConnection created
[2025-04-15 11:55:25Z INFO Terminal] WRITE LINE: 
[2025-04-15 11:55:25Z INFO Terminal] WRITE LINE: 
[2025-04-15 11:55:25Z INFO RSAFileKeyManager] Loading RSA key parameters from file /Users/gimchanjin/Desktop/seoul_darak/seoul_darak/actions-runner/.credentials_rsaparams
[2025-04-15 11:55:25Z INFO RSAFileKeyManager] Loading RSA key parameters from file /Users/gimchanjin/Desktop/seoul_darak/seoul_darak/actions-runner/.credentials_rsaparams
[2025-04-15 11:55:26Z INFO GitHubActionsService] AAD Correlation ID for this token request: Unknown
[2025-04-15 11:55:26Z INFO MessageListener] Session created.
[2025-04-15 11:55:26Z INFO Terminal] WRITE LINE: Current runner version: '2.323.0'
[2025-04-15 11:55:26Z INFO Terminal] WRITE LINE: 2025-04-15 11:55:26Z: Listening for Jobs
[2025-04-15 11:55:26Z INFO JobDispatcher] Set runner/worker IPC timeout to 30 seconds.
[2025-04-15 11:55:27Z INFO RSAFileKeyManager] Loading RSA key parameters from file /Users/gimchanjin/Desktop/seoul_darak/seoul_darak/actions-runner/.credentials_rsaparams
[2025-04-15 11:55:28Z INFO GitHubActionsService] AAD Correlation ID for this token request: Unknown
[2025-04-15 11:56:19Z INFO MessageListener] Message '8603510223849516835' received from session '45a4a641-694b-4b9a-96ca-b88907eb2358'.
[2025-04-15 11:56:19Z INFO ConfigurationStore] HasCredentials()
[2025-04-15 11:56:19Z INFO ConfigurationStore] stored True
[2025-04-15 11:56:19Z INFO CredentialManager] GetCredentialProvider
[2025-04-15 11:56:19Z INFO CredentialManager] Creating type OAuth
[2025-04-15 11:56:19Z INFO CredentialManager] Creating credential type: OAuth
[2025-04-15 11:56:19Z INFO RSAFileKeyManager] Loading RSA key parameters from file /Users/gimchanjin/Desktop/seoul_darak/seoul_darak/actions-runner/.credentials_rsaparams
[2025-04-15 11:56:19Z INFO RSAFileKeyManager] Loading RSA key parameters from file /Users/gimchanjin/Desktop/seoul_darak/seoul_darak/actions-runner/.credentials_rsaparams
[2025-04-15 11:56:19Z INFO RSAFileKeyManager] Loading RSA key parameters from file /Users/gimchanjin/Desktop/seoul_darak/seoul_darak/actions-runner/.credentials_rsaparams
[2025-04-15 11:56:20Z INFO GitHubActionsService] AAD Correlation ID for this token request: Unknown
[2025-04-15 11:56:21Z INFO JobDispatcher] Job request 0 for plan 1a09f335-f1c7-460d-8781-00a70b17cddf job 5e4232d2-446c-59ac-9835-c4ecb4037c9e received.
[2025-04-15 11:56:21Z INFO MessageListener] Received job status event. JobState: Busy
[2025-04-15 11:56:21Z INFO MessageListener] _getMessagesTokenSource is already disposed.
[2025-04-15 11:56:21Z INFO Terminal] WRITE LINE: 2025-04-15 11:56:21Z: Running job: build
[2025-04-15 11:56:21Z INFO JobDispatcher] Start renew job request 0 for job 5e4232d2-446c-59ac-9835-c4ecb4037c9e.
[2025-04-15 11:56:22Z INFO JobDispatcher] Successfully renew job 5e4232d2-446c-59ac-9835-c4ecb4037c9e, job is valid till 4/15/2025 12:06:22 PM
[2025-04-15 11:56:22Z INFO HostContext] Well known directory 'Bin': '/Users/gimchanjin/Desktop/seoul_darak/seoul_darak/actions-runner/bin'
[2025-04-15 11:56:22Z INFO ProcessInvokerWrapper] Starting process:
[2025-04-15 11:56:22Z INFO ProcessInvokerWrapper]   File name: '/Users/gimchanjin/Desktop/seoul_darak/seoul_darak/actions-runner/bin/Runner.Worker'
[2025-04-15 11:56:22Z INFO ProcessInvokerWrapper]   Arguments: 'spawnclient 152 155'
[2025-04-15 11:56:22Z INFO ProcessInvokerWrapper]   Working directory: '/Users/gimchanjin/Desktop/seoul_darak/seoul_darak/actions-runner/bin'
[2025-04-15 11:56:22Z INFO ProcessInvokerWrapper]   Require exit code zero: 'False'
[2025-04-15 11:56:22Z INFO ProcessInvokerWrapper]   Encoding web name:  ; code page: ''
[2025-04-15 11:56:22Z INFO ProcessInvokerWrapper]   Force kill process on cancellation: 'True'
[2025-04-15 11:56:22Z INFO ProcessInvokerWrapper]   Redirected STDIN: 'False'
[2025-04-15 11:56:22Z INFO ProcessInvokerWrapper]   Persist current code page: 'False'
[2025-04-15 11:56:22Z INFO ProcessInvokerWrapper]   Keep redirected STDIN open: 'False'
[2025-04-15 11:56:22Z INFO ProcessInvokerWrapper]   High priority process: 'True'
[2025-04-15 11:56:22Z INFO ProcessInvokerWrapper] Process started with process id 88937, waiting for process exit.
[2025-04-15 11:56:22Z INFO JobDispatcher] Send job request message to worker for job 5e4232d2-446c-59ac-9835-c4ecb4037c9e.
[2025-04-15 11:56:22Z INFO ProcessChannel] Sending message of length 22313, with hash 'a9998c3f144872ba94d3f28af2a3f298decea1023ff84cdea155e085ff7bf5eb'
[2025-04-15 11:56:22Z INFO JobNotification] Entering JobStarted Notification
[2025-04-15 11:56:22Z INFO JobNotification] Entering StartMonitor
